2019-07-12T00:56:18.230343Z mysqld_safe Logging to '/var/lib/mysql/b105272399ab.err'.
2019-07-12T00:56:18.355366Z mysqld_safe Starting mysqld daemon with databases from /var/lib/mysql
2019-07-12T00:56:18.694476Z 0 [Warning] TIMESTAMP with implicit DEFAULT value is deprecated. Please use --explicit_defaults_for_timestamp server option (see documentation for more details).
2019-07-12T00:56:18.696289Z 0 [Note] /usr/sbin/mysqld (mysqld 5.7.26) starting as process 388 ...
2019-07-12T00:56:18.713510Z 0 [Note] InnoDB: PUNCH HOLE support available
2019-07-12T00:56:18.713551Z 0 [Note] InnoDB: Mutexes and rw_locks use GCC atomic builtins
2019-07-12T00:56:18.713563Z 0 [Note] InnoDB: Uses event mutexes
2019-07-12T00:56:18.713574Z 0 [Note] InnoDB: GCC builtin __atomic_thread_fence() is used for memory barrier
2019-07-12T00:56:18.713584Z 0 [Note] InnoDB: Compressed tables use zlib 1.2.11
2019-07-12T00:56:18.713595Z 0 [Note] InnoDB: Using Linux native AIO
2019-07-12T00:56:18.715019Z 0 [Note] InnoDB: Number of pools: 1
2019-07-12T00:56:18.715163Z 0 [Note] InnoDB: Using CPU crc32 instructions
2019-07-12T00:56:18.719168Z 0 [Note] InnoDB: Initializing buffer pool, total size = 128M, instances = 1, chunk size = 128M
2019-07-12T00:56:18.764069Z 0 [Note] InnoDB: Completed initialization of buffer pool
2019-07-12T00:56:18.768383Z 0 [Note] InnoDB: If the mysqld execution user is authorized, page cleaner thread priority can be changed. See the man page of setpriority().
2019-07-12T00:56:18.782631Z 0 [Note] InnoDB: Highest supported file format is Barracuda.
2019-07-12T00:56:18.837343Z 0 [Note] InnoDB: Creating shared tablespace for temporary tables
2019-07-12T00:56:18.837432Z 0 [Note] InnoDB: Setting file './ibtmp1' size to 12 MB. Physically writing the file full; Please wait ...
2019-07-12T00:56:18.909343Z 0 [Note] InnoDB: File './ibtmp1' size is now 12 MB.
2019-07-12T00:56:18.911736Z 0 [Note] InnoDB: 96 redo rollback segment(s) found. 96 redo rollback segment(s) are active.
2019-07-12T00:56:18.911754Z 0 [Note] InnoDB: 32 non-redo rollback segment(s) are active.
2019-07-12T00:56:18.912116Z 0 [Note] InnoDB: Waiting for purge to start
2019-07-12T00:56:18.962742Z 0 [Note] InnoDB: 5.7.26 started; log sequence number 2525206
2019-07-12T00:56:18.963232Z 0 [Note] Plugin 'FEDERATED' is disabled.
2019-07-12T00:56:18.964741Z 0 [Note] InnoDB: Loading buffer pool(s) from /var/lib/mysql/ib_buffer_pool
2019-07-12T00:56:18.966934Z 0 [Note] InnoDB: Buffer pool(s) load completed at 190712  0:56:18
2019-07-12T00:56:18.981857Z 0 [Note] Found ca.pem, server-cert.pem and server-key.pem in data directory. Trying to enable SSL support using them.
2019-07-12T00:56:18.984726Z 0 [Warning] CA certificate ca.pem is self signed.
2019-07-12T00:56:18.995444Z 0 [Note] Server hostname (bind-address): '*'; port: 3306
2019-07-12T00:56:18.995509Z 0 [Note] IPv6 is available.
2019-07-12T00:56:18.995525Z 0 [Note]   - '::' resolves to '::';
2019-07-12T00:56:18.995550Z 0 [Note] Server socket created on IP: '::'.
2019-07-12T00:56:18.998956Z 0 [Warning] Insecure configuration for --pid-file: Location '/var/run/mysqld' in the path is accessible to all OS users. Consider choosing a different directory.
2019-07-12T00:56:19.037646Z 0 [Note] Event Scheduler: Loaded 0 events
2019-07-12T00:56:19.037877Z 0 [Note] /usr/sbin/mysqld: ready for connections.
Version: '5.7.26'  socket: '/var/run/mysqld/mysqld.sock'  port: 3306  MySQL Community Server (GPL)
