2019-07-12T09:23:42.613816Z mysqld_safe Logging to '/var/lib/mysql/ed3babeb9d7a.err'.
2019-07-12T09:23:42.639425Z mysqld_safe Starting mysqld daemon with databases from /var/lib/mysql
2019-07-12T09:23:42.832629Z 0 [Warning] TIMESTAMP with implicit DEFAULT value is deprecated. Please use --explicit_defaults_for_timestamp server option (see documentation for more details).
2019-07-12T09:23:42.834424Z 0 [Note] /usr/sbin/mysqld (mysqld 5.7.24) starting as process 247 ...
2019-07-12T09:23:42.837673Z 0 [Note] InnoDB: PUNCH HOLE support available
2019-07-12T09:23:42.837700Z 0 [Note] InnoDB: Mutexes and rw_locks use GCC atomic builtins
2019-07-12T09:23:42.837709Z 0 [Note] InnoDB: Uses event mutexes
2019-07-12T09:23:42.837716Z 0 [Note] InnoDB: GCC builtin __atomic_thread_fence() is used for memory barrier
2019-07-12T09:23:42.837723Z 0 [Note] InnoDB: Compressed tables use zlib 1.2.11
2019-07-12T09:23:42.837730Z 0 [Note] InnoDB: Using Linux native AIO
2019-07-12T09:23:42.837963Z 0 [Note] InnoDB: Number of pools: 1
2019-07-12T09:23:42.838071Z 0 [Note] InnoDB: Using CPU crc32 instructions
2019-07-12T09:23:42.840142Z 0 [Note] InnoDB: Initializing buffer pool, total size = 128M, instances = 1, chunk size = 128M
2019-07-12T09:23:42.848651Z 0 [Note] InnoDB: Completed initialization of buffer pool
2019-07-12T09:23:42.850972Z 0 [Note] InnoDB: If the mysqld execution user is authorized, page cleaner thread priority can be changed. See the man page of setpriority().
2019-07-12T09:23:42.863830Z 0 [Note] InnoDB: Highest supported file format is Barracuda.
2019-07-12T09:23:42.865124Z 0 [Note] InnoDB: Log scan progressed past the checkpoint lsn 2525225
2019-07-12T09:23:42.865146Z 0 [Note] InnoDB: Doing recovery: scanned up to log sequence number 2525234
2019-07-12T09:23:42.865154Z 0 [Note] InnoDB: Database was not shutdown normally!
2019-07-12T09:23:42.865160Z 0 [Note] InnoDB: Starting crash recovery.
2019-07-12T09:23:42.986580Z 0 [Note] InnoDB: Removed temporary tablespace data file: "ibtmp1"
2019-07-12T09:23:42.986646Z 0 [Note] InnoDB: Creating shared tablespace for temporary tables
2019-07-12T09:23:42.986773Z 0 [Note] InnoDB: Setting file './ibtmp1' size to 12 MB. Physically writing the file full; Please wait ...
2019-07-12T09:23:43.045465Z 0 [Note] InnoDB: File './ibtmp1' size is now 12 MB.
2019-07-12T09:23:43.046558Z 0 [Note] InnoDB: 96 redo rollback segment(s) found. 96 redo rollback segment(s) are active.
2019-07-12T09:23:43.046579Z 0 [Note] InnoDB: 32 non-redo rollback segment(s) are active.
2019-07-12T09:23:43.046945Z 0 [Note] InnoDB: Waiting for purge to start
2019-07-12T09:23:43.097828Z 0 [Note] InnoDB: 5.7.24 started; log sequence number 2525234
2019-07-12T09:23:43.098447Z 0 [Note] Plugin 'FEDERATED' is disabled.
2019-07-12T09:23:43.105034Z 0 [Note] InnoDB: Loading buffer pool(s) from /var/lib/mysql/ib_buffer_pool
2019-07-12T09:23:43.110856Z 0 [Warning] World-writable config file './auto.cnf' is ignored.
2019-07-12T09:23:43.110991Z 0 [Warning] World-writable config file './auto.cnf' has been removed.

2019-07-12T09:23:43.111081Z 0 [Note] Salting uuid generator variables, current_pid: 247, server_start_time: 1562923422, bytes_sent: 0, 
2019-07-12T09:23:43.111179Z 0 [Note] Generated uuid: 'bdf63048-a486-11e9-b13d-0242ac130002', server_start_time: 69524320810455701, bytes_sent: 94695047737584
2019-07-12T09:23:43.111211Z 0 [Warning] No existing UUID has been found, so we assume that this is the first time that this server has been started. Generating a new UUID: bdf63048-a486-11e9-b13d-0242ac130002.
2019-07-12T09:23:43.112219Z 0 [Note] InnoDB: Buffer pool(s) load completed at 190712  9:23:43
2019-07-12T09:23:43.124563Z 0 [Note] Found ca.pem, server-cert.pem and server-key.pem in data directory. Trying to enable SSL support using them.
2019-07-12T09:23:43.125054Z 0 [Warning] CA certificate ca.pem is self signed.
2019-07-12T09:23:43.129307Z 0 [Note] Server hostname (bind-address): '*'; port: 3306
2019-07-12T09:23:43.129419Z 0 [Note] IPv6 is available.
2019-07-12T09:23:43.129455Z 0 [Note]   - '::' resolves to '::';
2019-07-12T09:23:43.129545Z 0 [Note] Server socket created on IP: '::'.
2019-07-12T09:23:43.134044Z 0 [Warning] Insecure configuration for --pid-file: Location '/var/run/mysqld' in the path is accessible to all OS users. Consider choosing a different directory.
2019-07-12T09:23:43.136380Z 0 [Warning] 'user' entry 'root@localhost' ignored in --skip-name-resolve mode.
2019-07-12T09:23:43.136646Z 0 [Warning] 'user' entry 'mysql.session@localhost' ignored in --skip-name-resolve mode.
2019-07-12T09:23:43.136688Z 0 [Warning] 'user' entry 'mysql.sys@localhost' ignored in --skip-name-resolve mode.
2019-07-12T09:23:43.136722Z 0 [Warning] 'user' entry 'nhexplorer@localhost' ignored in --skip-name-resolve mode.
2019-07-12T09:23:43.136772Z 0 [Warning] 'db' entry 'performance_schema mysql.session@localhost' ignored in --skip-name-resolve mode.
2019-07-12T09:23:43.136787Z 0 [Warning] 'db' entry 'sys mysql.sys@localhost' ignored in --skip-name-resolve mode.
2019-07-12T09:23:43.136801Z 0 [Warning] 'db' entry 'nhexplorer nhexplorer@localhost' ignored in --skip-name-resolve mode.
2019-07-12T09:23:43.136832Z 0 [Warning] 'proxies_priv' entry '@ root@localhost' ignored in --skip-name-resolve mode.
2019-07-12T09:23:43.138974Z 0 [Warning] 'tables_priv' entry 'user mysql.session@localhost' ignored in --skip-name-resolve mode.
2019-07-12T09:23:43.139004Z 0 [Warning] 'tables_priv' entry 'sys_config mysql.sys@localhost' ignored in --skip-name-resolve mode.
2019-07-12T09:23:43.154304Z 0 [Note] Event Scheduler: Loaded 0 events
2019-07-12T09:23:43.154655Z 0 [Note] /usr/sbin/mysqld: ready for connections.
Version: '5.7.24'  socket: '/var/run/mysqld/mysqld.sock'  port: 3306  MySQL Community Server (GPL)
